C:\work\Laster\Qt_JG\LasterEsp\LasterEsp\Debug\cl.command.1.tlog
C:\work\Laster\Qt_JG\LasterEsp\LasterEsp\Debug\CL.read.1.tlog
C:\work\Laster\Qt_JG\LasterEsp\LasterEsp\Debug\CL.write.1.tlog
C:\work\Laster\Qt_JG\LasterEsp\LasterEsp\Debug\custombuild.command.1.tlog
C:\work\Laster\Qt_JG\LasterEsp\LasterEsp\Debug\custombuild.read.1.tlog
C:\work\Laster\Qt_JG\LasterEsp\LasterEsp\Debug\custombuild.write.1.tlog
C:\WORK\LASTER\QT_JG\LASTERESP\LASTERESP\DEBUG\DATARECORD.OBJ
C:\WORK\LASTER\QT_JG\LASTERESP\LASTERESP\DEBUG\DATATETRY.OBJ
C:\WORK\LASTER\QT_JG\LASTERESP\LASTERESP\DEBUG\DBDEFINES.OBJ
C:\WORK\LASTER\QT_JG\LASTERESP\LASTERESP\DEBUG\DBGFACTORY.OBJ
C:\WORK\LASTER\QT_JG\LASTERESP\LASTERESP\DEBUG\DEVCHANNEL.OBJ
C:\WORK\LASTER\QT_JG\LASTERESP\LASTERESP\DEBUG\DEVICE.OBJ
C:\WORK\LASTER\QT_JG\LASTERESP\LASTERESP\DEBUG\DEVPROTOCOL.OBJ
C:\WORK\LASTER\QT_JG\LASTERESP\LASTERESP\DEBUG\LASTERDATA.OBJ
C:\WORK\LASTER\QT_JG\LASTERESP\LASTERESP\DEBUG\LASTERDEVUNIT.OBJ
C:\WORK\LASTER\QT_JG\LASTERESP\LASTERESP\DEBUG\LASTERESP.EXE.INTERMEDIATE.MANIFEST
C:\work\Laster\Qt_JG\LasterEsp\LasterEsp\Debug\LasterEsp.vcxprojResolveAssemblyReference.cache
C:\work\Laster\Qt_JG\LasterEsp\LasterEsp\Debug\LasterEsp.write.1.tlog
C:\work\Laster\Qt_JG\LasterEsp\LasterEsp\Debug\link.command.1.tlog
C:\work\Laster\Qt_JG\LasterEsp\LasterEsp\Debug\link.read.1.tlog
C:\work\Laster\Qt_JG\LasterEsp\LasterEsp\Debug\link.write.1.tlog
C:\WORK\LASTER\QT_JG\LASTERESP\LASTERESP\DEBUG\MAIN.OBJ
C:\WORK\LASTER\QT_JG\LASTERESP\LASTERESP\DEBUG\MATHHELPER.OBJ
C:\WORK\LASTER\QT_JG\LASTERESP\LASTERESP\DEBUG\MOC_DATARECORD.OBJ
C:\WORK\LASTER\QT_JG\LASTERESP\LASTERESP\DEBUG\MOC_DEVCHANNEL.OBJ
C:\WORK\LASTER\QT_JG\LASTERESP\LASTERESP\DEBUG\MOC_DEVICE.OBJ
C:\WORK\LASTER\QT_JG\LASTERESP\LASTERESP\DEBUG\MOC_DEVPROTOCOL.OBJ
C:\WORK\LASTER\QT_JG\LASTERESP\LASTERESP\DEBUG\MOC_LASTERDEVUNIT.OBJ
C:\WORK\LASTER\QT_JG\LASTERESP\LASTERESP\DEBUG\MOC_QEXTSERIALBASE.OBJ
C:\WORK\LASTER\QT_JG\LASTERESP\LASTERESP\DEBUG\MOC_QEXTSERIALPORT.OBJ
C:\WORK\LASTER\QT_JG\LASTERESP\LASTERESP\DEBUG\MOC_REMOTEDBG.OBJ
C:\WORK\LASTER\QT_JG\LASTERESP\LASTERESP\DEBUG\MOC_TRAFFICALG.OBJ
C:\WORK\LASTER\QT_JG\LASTERESP\LASTERESP\DEBUG\MOC_TRAFFICPROTOCOL.OBJ
C:\WORK\LASTER\QT_JG\LASTERESP\LASTERESP\DEBUG\MOC_TRAFFICSETTINGS.OBJ
C:\WORK\LASTER\QT_JG\LASTERESP\LASTERESP\DEBUG\MOC_TRAFFICSURVEY.OBJ
C:\WORK\LASTER\QT_JG\LASTERESP\LASTERESP\DEBUG\MOC_TRAFFICUPLOAD.OBJ
C:\WORK\LASTER\QT_JG\LASTERESP\LASTERESP\DEBUG\MOC_VEHICLETETRY.OBJ
C:\WORK\LASTER\QT_JG\LASTERESP\LASTERESP\DEBUG\MOC_VIRTUALBACKGROUND.OBJ
C:\WORK\LASTER\QT_JG\LASTERESP\LASTERESP\DEBUG\MOC_VIRTUALBACKGROUNDDBG.OBJ
C:\WORK\LASTER\QT_JG\LASTERESP\LASTERESP\DEBUG\MOC_WIN_QEXTSERIALPORT.OBJ
C:\work\Laster\Qt_JG\LasterEsp\LasterEsp\Debug\mt.command.1.tlog
C:\work\Laster\Qt_JG\LasterEsp\LasterEsp\Debug\mt.read.1.tlog
C:\work\Laster\Qt_JG\LasterEsp\LasterEsp\Debug\mt.write.1.tlog
C:\WORK\LASTER\QT_JG\LASTERESP\LASTERESP\DEBUG\POSIX_QEXTSERIALPORT.OBJ
C:\WORK\LASTER\QT_JG\LASTERESP\LASTERESP\DEBUG\QEXTSERIALBASE.OBJ
C:\WORK\LASTER\QT_JG\LASTERESP\LASTERESP\DEBUG\QEXTSERIALPORT.OBJ
C:\WORK\LASTER\QT_JG\LASTERESP\LASTERESP\DEBUG\REMOTEDBG.OBJ
C:\WORK\LASTER\QT_JG\LASTERESP\LASTERESP\DEBUG\SICKPROC.OBJ
C:\WORK\LASTER\QT_JG\LASTERESP\LASTERESP\DEBUG\THIRDDISPATCHMSG.OBJ
C:\WORK\LASTER\QT_JG\LASTERESP\LASTERESP\DEBUG\TRAFFICALG.OBJ
C:\WORK\LASTER\QT_JG\LASTERESP\LASTERESP\DEBUG\TRAFFICPROTOCOL.OBJ
C:\WORK\LASTER\QT_JG\LASTERESP\LASTERESP\DEBUG\TRAFFICSETTINGS.OBJ
C:\WORK\LASTER\QT_JG\LASTERESP\LASTERESP\DEBUG\TRAFFICSURVEY.OBJ
C:\WORK\LASTER\QT_JG\LASTERESP\LASTERESP\DEBUG\TRAFFICUPLOAD.OBJ
C:\WORK\LASTER\QT_JG\LASTERESP\LASTERESP\DEBUG\VC100.PDB
C:\WORK\LASTER\QT_JG\LASTERESP\LASTERESP\DEBUG\VEHICLEINFO.OBJ
C:\WORK\LASTER\QT_JG\LASTERESP\LASTERESP\DEBUG\VEHICLETETRY.OBJ
C:\WORK\LASTER\QT_JG\LASTERESP\LASTERESP\DEBUG\VIRTUALBACKGROUND.OBJ
C:\WORK\LASTER\QT_JG\LASTERESP\LASTERESP\DEBUG\VIRTUALBACKGROUNDDBG.OBJ
C:\WORK\LASTER\QT_JG\LASTERESP\LASTERESP\DEBUG\WATCHDOG.OBJ
C:\WORK\LASTER\QT_JG\LASTERESP\LASTERESP\DEBUG\WIN_QEXTSERIALPORT.OBJ
C:\WORK\LASTER\QT_JG\LASTERESP\LASTERESP\GENERATEDFILES\DEBUG\MOC_DATARECORD.CPP
C:\WORK\LASTER\QT_JG\LASTERESP\LASTERESP\GENERATEDFILES\DEBUG\MOC_DEVCHANNEL.CPP
C:\WORK\LASTER\QT_JG\LASTERESP\LASTERESP\GENERATEDFILES\DEBUG\MOC_DEVICE.CPP
C:\WORK\LASTER\QT_JG\LASTERESP\LASTERESP\GENERATEDFILES\DEBUG\MOC_DEVPROTOCOL.CPP
C:\WORK\LASTER\QT_JG\LASTERESP\LASTERESP\GENERATEDFILES\DEBUG\MOC_LASTERDEVUNIT.CPP
C:\WORK\LASTER\QT_JG\LASTERESP\LASTERESP\GENERATEDFILES\DEBUG\MOC_QEXTSERIALBASE.CPP
C:\WORK\LASTER\QT_JG\LASTERESP\LASTERESP\GENERATEDFILES\DEBUG\MOC_QEXTSERIALPORT.CPP
C:\WORK\LASTER\QT_JG\LASTERESP\LASTERESP\GENERATEDFILES\DEBUG\MOC_REMOTEDBG.CPP
C:\WORK\LASTER\QT_JG\LASTERESP\LASTERESP\GENERATEDFILES\DEBUG\MOC_TRAFFICALG.CPP
C:\WORK\LASTER\QT_JG\LASTERESP\LASTERESP\GENERATEDFILES\DEBUG\MOC_TRAFFICPROTOCOL.CPP
C:\WORK\LASTER\QT_JG\LASTERESP\LASTERESP\GENERATEDFILES\DEBUG\MOC_TRAFFICSETTINGS.CPP
C:\WORK\LASTER\QT_JG\LASTERESP\LASTERESP\GENERATEDFILES\DEBUG\MOC_TRAFFICSURVEY.CPP
C:\WORK\LASTER\QT_JG\LASTERESP\LASTERESP\GENERATEDFILES\DEBUG\MOC_TRAFFICUPLOAD.CPP
C:\WORK\LASTER\QT_JG\LASTERESP\LASTERESP\GENERATEDFILES\DEBUG\MOC_VEHICLETETRY.CPP
C:\WORK\LASTER\QT_JG\LASTERESP\LASTERESP\GENERATEDFILES\DEBUG\MOC_VIRTUALBACKGROUND.CPP
C:\WORK\LASTER\QT_JG\LASTERESP\LASTERESP\GENERATEDFILES\DEBUG\MOC_VIRTUALBACKGROUNDDBG.CPP
C:\WORK\LASTER\QT_JG\LASTERESP\LASTERESP\GENERATEDFILES\DEBUG\MOC_WIN_QEXTSERIALPORT.CPP
C:\WORK\LASTER\QT_JG\LASTERESP\WIN32\DEBUG\LASTERESP.EXE
C:\work\Laster\Qt_JG\LasterEsp\Win32\Debug\LasterEsp.exe.CodeAnalysisLog.xml
C:\work\Laster\Qt_JG\LasterEsp\Win32\Debug\LasterEsp.exe.lastcodeanalysissucceeded
C:\WORK\LASTER\QT_JG\LASTERESP\WIN32\DEBUG\LASTERESP.ILK
C:\WORK\LASTER\QT_JG\LASTERESP\WIN32\DEBUG\LASTERESP.PDB
